2025-04-08 09:58:56,108 - apscheduler.scheduler - INFO - Scheduler started
2025-04-08 09:58:56,108 - logger - INFO - Update checker scheduler started
2025-04-08 09:58:56,956 - httpx - INFO - HTTP Request: POST https://api.telegram.org/bot7908924434:AAGQAVtlpIlFXLlJxKqQQjXNcXr2KpP7qA8/getMe "HTTP/1.1 200 OK"
2025-04-08 09:58:57,203 - httpx - INFO - HTTP Request: POST https://api.telegram.org/bot7908924434:AAGQAVtlpIlFXLlJxKqQQjXNcXr2KpP7qA8/deleteWebhook "HTTP/1.1 200 OK"
2025-04-08 09:58:57,204 - apscheduler.scheduler - INFO - Scheduler started
2025-04-08 09:58:57,204 - telegram.ext.Application - INFO - Application started
2025-04-08 09:58:57,902 - httpx - INFO - HTTP Request: POST https://api.telegram.org/bot7908924434:AAGQAVtlpIlFXLlJxKqQQjXNcXr2KpP7qA8/getUpdates "HTTP/1.1 200 OK"
2025-04-08 09:58:58,274 - httpx - INFO - HTTP Request: POST https://api.telegram.org/bot7908924434:AAGQAVtlpIlFXLlJxKqQQjXNcXr2KpP7qA8/sendMessage "HTTP/1.1 200 OK"
2025-04-08 09:58:58,631 - httpx - INFO - HTTP Request: POST https://api.telegram.org/bot7908924434:AAGQAVtlpIlFXLlJxKqQQjXNcXr2KpP7qA8/sendMessage "HTTP/1.1 200 OK"
2025-04-08 09:58:58,998 - httpx - INFO - HTTP Request: POST https://api.telegram.org/bot7908924434:AAGQAVtlpIlFXLlJxKqQQjXNcXr2KpP7qA8/sendMessage "HTTP/1.1 200 OK"
2025-04-08 09:58:59,351 - httpx - INFO - HTTP Request: POST https://api.telegram.org/bot7908924434:AAGQAVtlpIlFXLlJxKqQQjXNcXr2KpP7qA8/sendMessage "HTTP/1.1 200 OK"
2025-04-08 09:58:59,719 - httpx - INFO - HTTP Request: POST https://api.telegram.org/bot7908924434:AAGQAVtlpIlFXLlJxKqQQjXNcXr2KpP7qA8/sendMessage "HTTP/1.1 200 OK"
2025-04-08 09:59:08,151 - httpx - INFO - HTTP Request: POST https://api.telegram.org/bot7908924434:AAGQAVtlpIlFXLlJxKqQQjXNcXr2KpP7qA8/getUpdates "HTTP/1.1 200 OK"
2025-04-08 09:59:18,405 - httpx - INFO - HTTP Request: POST https://api.telegram.org/bot7908924434:AAGQAVtlpIlFXLlJxKqQQjXNcXr2KpP7qA8/getUpdates "HTTP/1.1 200 OK"
2025-04-08 09:59:28,642 - httpx - INFO - HTTP Request: POST https://api.telegram.org/bot7908924434:AAGQAVtlpIlFXLlJxKqQQjXNcXr2KpP7qA8/getUpdates "HTTP/1.1 200 OK"
2025-04-08 09:59:38,880 - httpx - INFO - HTTP Request: POST https://api.telegram.org/bot7908924434:AAGQAVtlpIlFXLlJxKqQQjXNcXr2KpP7qA8/getUpdates "HTTP/1.1 200 OK"
2025-04-08 09:59:40,567 - httpx - INFO - HTTP Request: POST https://api.telegram.org/bot7908924434:AAGQAVtlpIlFXLlJxKqQQjXNcXr2KpP7qA8/getUpdates "HTTP/1.1 200 OK"
2025-04-08 09:59:41,541 - httpx - INFO - HTTP Request: POST https://api.telegram.org/bot7908924434:AAGQAVtlpIlFXLlJxKqQQjXNcXr2KpP7qA8/sendMessage "HTTP/1.1 200 OK"
2025-04-08 09:59:44,704 - httpx - INFO - HTTP Request: POST https://api.telegram.org/bot7908924434:AAGQAVtlpIlFXLlJxKqQQjXNcXr2KpP7qA8/getUpdates "HTTP/1.1 200 OK"
2025-04-08 09:59:45,044 - httpx - INFO - HTTP Request: POST https://api.telegram.org/bot7908924434:AAGQAVtlpIlFXLlJxKqQQjXNcXr2KpP7qA8/answerCallbackQuery "HTTP/1.1 200 OK"
2025-04-08 09:59:45,389 - httpx - INFO - HTTP Request: POST https://api.telegram.org/bot7908924434:AAGQAVtlpIlFXLlJxKqQQjXNcXr2KpP7qA8/editMessageText "HTTP/1.1 200 OK"
2025-04-08 09:59:46,548 - httpx - INFO - HTTP Request: POST https://api.telegram.org/bot7908924434:AAGQAVtlpIlFXLlJxKqQQjXNcXr2KpP7qA8/getUpdates "HTTP/1.1 200 OK"
2025-04-08 09:59:46,894 - httpx - INFO - HTTP Request: POST https://api.telegram.org/bot7908924434:AAGQAVtlpIlFXLlJxKqQQjXNcXr2KpP7qA8/answerCallbackQuery "HTTP/1.1 200 OK"
2025-04-08 09:59:47,253 - httpx - INFO - HTTP Request: POST https://api.telegram.org/bot7908924434:AAGQAVtlpIlFXLlJxKqQQjXNcXr2KpP7qA8/editMessageText "HTTP/1.1 200 OK"
2025-04-08 09:59:54,923 - httpx - INFO - HTTP Request: POST https://api.telegram.org/bot7908924434:AAGQAVtlpIlFXLlJxKqQQjXNcXr2KpP7qA8/getUpdates "HTTP/1.1 200 OK"
2025-04-08 09:59:55,879 - httpx - INFO - HTTP Request: POST https://api.telegram.org/bot7908924434:AAGQAVtlpIlFXLlJxKqQQjXNcXr2KpP7qA8/sendMessage "HTTP/1.1 200 OK"
2025-04-08 10:00:05,162 - httpx - INFO - HTTP Request: POST https://api.telegram.org/bot7908924434:AAGQAVtlpIlFXLlJxKqQQjXNcXr2KpP7qA8/getUpdates "HTTP/1.1 200 OK"
2025-04-08 10:00:15,400 - httpx - INFO - HTTP Request: POST https://api.telegram.org/bot7908924434:AAGQAVtlpIlFXLlJxKqQQjXNcXr2KpP7qA8/getUpdates "HTTP/1.1 200 OK"
2025-04-08 10:00:25,639 - httpx - INFO - HTTP Request: POST https://api.telegram.org/bot7908924434:AAGQAVtlpIlFXLlJxKqQQjXNcXr2KpP7qA8/getUpdates "HTTP/1.1 200 OK"
2025-04-08 10:00:35,880 - httpx - INFO - HTTP Request: POST https://api.telegram.org/bot7908924434:AAGQAVtlpIlFXLlJxKqQQjXNcXr2KpP7qA8/getUpdates "HTTP/1.1 200 OK"
2025-04-08 10:00:36,230 - httpx - INFO - HTTP Request: POST https://api.telegram.org/bot7908924434:AAGQAVtlpIlFXLlJxKqQQjXNcXr2KpP7qA8/getUpdates "HTTP/1.1 200 OK"
2025-04-08 10:00:37,872 - apscheduler.scheduler - INFO - Added job "UpdateChecker.check_user_updates" to job store "default"
2025-04-08 10:00:37,872 - logger - INFO - Scheduled update checks every 6 hours for user 6858957583
2025-04-08 10:00:38,916 - httpx - INFO - HTTP Request: POST https://api.telegram.org/bot7908924434:AAGQAVtlpIlFXLlJxKqQQjXNcXr2KpP7qA8/sendMessage "HTTP/1.1 200 OK"
2025-04-08 10:00:43,228 - httpx - INFO - HTTP Request: POST https://api.telegram.org/bot7908924434:AAGQAVtlpIlFXLlJxKqQQjXNcXr2KpP7qA8/getUpdates "HTTP/1.1 200 OK"
2025-04-08 10:00:43,591 - httpx - INFO - HTTP Request: POST https://api.telegram.org/bot7908924434:AAGQAVtlpIlFXLlJxKqQQjXNcXr2KpP7qA8/sendMessage "HTTP/1.1 200 OK"
2025-04-08 10:00:53,467 - httpx - INFO - HTTP Request: POST https://api.telegram.org/bot7908924434:AAGQAVtlpIlFXLlJxKqQQjXNcXr2KpP7qA8/getUpdates "HTTP/1.1 200 OK"
2025-04-08 10:01:03,704 - httpx - INFO - HTTP Request: POST https://api.telegram.org/bot7908924434:AAGQAVtlpIlFXLlJxKqQQjXNcXr2KpP7qA8/getUpdates "HTTP/1.1 200 OK"
2025-04-08 10:01:13,941 - httpx - INFO - HTTP Request: POST https://api.telegram.org/bot7908924434:AAGQAVtlpIlFXLlJxKqQQjXNcXr2KpP7qA8/getUpdates "HTTP/1.1 200 OK"
2025-04-08 10:01:14,297 - httpx - INFO - HTTP Request: POST https://api.telegram.org/bot7908924434:AAGQAVtlpIlFXLlJxKqQQjXNcXr2KpP7qA8/getUpdates "HTTP/1.1 200 OK"
2025-04-08 10:01:15,216 - httpx - INFO - HTTP Request: POST https://api.telegram.org/bot7908924434:AAGQAVtlpIlFXLlJxKqQQjXNcXr2KpP7qA8/sendMessage "HTTP/1.1 200 OK"
2025-04-08 10:01:24,600 - httpx - INFO - HTTP Request: POST https://api.telegram.org/bot7908924434:AAGQAVtlpIlFXLlJxKqQQjXNcXr2KpP7qA8/getUpdates "HTTP/1.1 200 OK"
2025-04-08 10:01:29,994 - httpx - INFO - HTTP Request: POST https://api.telegram.org/bot7908924434:AAGQAVtlpIlFXLlJxKqQQjXNcXr2KpP7qA8/getUpdates "HTTP/1.1 200 OK"
2025-04-08 10:01:37,809 - apscheduler.executors.default - INFO - Running job "UpdateChecker.check_user_updates (trigger: interval[6:00:00], next run at: 2025-04-08 10:01:37 -03)" (scheduled at 2025-04-08 10:01:37.808834-03:00)
2025-04-08 10:01:37,810 - logger - INFO - Checking updates for user 6858957583
2025-04-08 10:01:37,810 - logger - ERROR - Database error getting user: SQLite objects created in a thread can only be used in that same thread. The object was created in thread id 130794315231360 and this is thread id 130794253190848.
2025-04-08 10:01:37,810 - apscheduler.executors.default - INFO - Job "UpdateChecker.check_user_updates (trigger: interval[6:00:00], next run at: 2025-04-08 16:01:37 -03)" executed successfully
2025-04-08 10:01:40,226 - httpx - INFO - HTTP Request: POST https://api.telegram.org/bot7908924434:AAGQAVtlpIlFXLlJxKqQQjXNcXr2KpP7qA8/getUpdates "HTTP/1.1 200 OK"
2025-04-08 10:01:43,303 - httpx - INFO - HTTP Request: POST https://api.telegram.org/bot7908924434:AAGQAVtlpIlFXLlJxKqQQjXNcXr2KpP7qA8/getUpdates "HTTP/1.1 200 OK"
2025-04-08 10:01:44,286 - httpx - INFO - HTTP Request: POST https://api.telegram.org/bot7908924434:AAGQAVtlpIlFXLlJxKqQQjXNcXr2KpP7qA8/sendMessage "HTTP/1.1 200 OK"
2025-04-08 10:01:52,392 - httpx - INFO - HTTP Request: POST https://api.telegram.org/bot7908924434:AAGQAVtlpIlFXLlJxKqQQjXNcXr2KpP7qA8/getUpdates "HTTP/1.1 200 OK"
2025-04-08 10:02:02,639 - httpx - INFO - HTTP Request: POST https://api.telegram.org/bot7908924434:AAGQAVtlpIlFXLlJxKqQQjXNcXr2KpP7qA8/getUpdates "HTTP/1.1 200 OK"
2025-04-08 10:02:07,900 - httpx - INFO - HTTP Request: POST https://api.telegram.org/bot7908924434:AAGQAVtlpIlFXLlJxKqQQjXNcXr2KpP7qA8/getUpdates "HTTP/1.1 200 OK"
2025-04-08 10:02:08,897 - httpx - INFO - HTTP Request: POST https://api.telegram.org/bot7908924434:AAGQAVtlpIlFXLlJxKqQQjXNcXr2KpP7qA8/sendMessage "HTTP/1.1 200 OK"
2025-04-08 10:02:12,769 - httpx - INFO - HTTP Request: POST https://api.telegram.org/bot7908924434:AAGQAVtlpIlFXLlJxKqQQjXNcXr2KpP7qA8/getUpdates "HTTP/1.1 200 OK"
2025-04-08 10:02:13,136 - httpx - INFO - HTTP Request: POST https://api.telegram.org/bot7908924434:AAGQAVtlpIlFXLlJxKqQQjXNcXr2KpP7qA8/answerCallbackQuery "HTTP/1.1 200 OK"
2025-04-08 10:02:13,513 - httpx - INFO - HTTP Request: POST https://api.telegram.org/bot7908924434:AAGQAVtlpIlFXLlJxKqQQjXNcXr2KpP7qA8/editMessageText "HTTP/1.1 200 OK"
2025-04-08 10:02:16,211 - httpx - INFO - HTTP Request: POST https://api.telegram.org/bot7908924434:AAGQAVtlpIlFXLlJxKqQQjXNcXr2KpP7qA8/getUpdates "HTTP/1.1 200 OK"
2025-04-08 10:02:16,556 - httpx - INFO - HTTP Request: POST https://api.telegram.org/bot7908924434:AAGQAVtlpIlFXLlJxKqQQjXNcXr2KpP7qA8/answerCallbackQuery "HTTP/1.1 200 OK"
2025-04-08 10:02:16,565 - apscheduler.scheduler - INFO - Removed job 07f21f3263c649f48d9d53759a0a02cd
2025-04-08 10:02:16,566 - logger - INFO - Unscheduled update checks for user 6858957583
2025-04-08 10:02:16,566 - apscheduler.scheduler - INFO - Added job "UpdateChecker.check_user_updates" to job store "default"
2025-04-08 10:02:16,566 - logger - INFO - Scheduled update checks every 3 hours for user 6858957583
2025-04-08 10:02:16,922 - httpx - INFO - HTTP Request: POST https://api.telegram.org/bot7908924434:AAGQAVtlpIlFXLlJxKqQQjXNcXr2KpP7qA8/editMessageText "HTTP/1.1 200 OK"
2025-04-08 10:02:26,447 - httpx - INFO - HTTP Request: POST https://api.telegram.org/bot7908924434:AAGQAVtlpIlFXLlJxKqQQjXNcXr2KpP7qA8/getUpdates "HTTP/1.1 200 OK"
2025-04-08 10:02:36,740 - httpx - INFO - HTTP Request: POST https://api.telegram.org/bot7908924434:AAGQAVtlpIlFXLlJxKqQQjXNcXr2KpP7qA8/getUpdates "HTTP/1.1 200 OK"
